2023-09-11 08:17:34,774 [Worker-0: Loading available Gradle versions] INFO  o.e.b.c.i.u.g.PublishedGradleVersions - Gradle version information cache is up-to-date. Trying to read.
2023-09-11 08:18:07,134 [Worker-25: Importing Maven projects] INFO  o.e.m.c.i.l.LifecycleMappingFactory - Using org.eclipse.m2e.jdt.JarLifecycleMapping lifecycle mapping for MavenProject: com.demo:A_S_Solid:0.0.1-SNAPSHOT @ /home/raj/Documents/code_samurai_workshop_java/code/oops_solid/A_S_Solid-prob/pom.xml.
2023-09-11 08:18:07,215 [Worker-25: Importing Maven projects] INFO  o.e.m.j.i.AbstractJavaProjectConfigurator - Adding source folder /A_S_Solid-prob/src/main/java
2023-09-11 08:18:07,215 [Worker-25: Importing Maven projects] INFO  o.e.m.j.i.AbstractJavaProjectConfigurator - Adding resource folder /A_S_Solid-prob/src/main/resources
2023-09-11 08:18:07,216 [Worker-25: Importing Maven projects] INFO  o.e.m.j.i.AbstractJavaProjectConfigurator - Adding source folder /A_S_Solid-prob/src/test/java
2023-09-11 08:18:07,230 [Worker-25: Importing Maven projects] INFO  o.e.m.c.i.p.ProjectConfigurationManager - Imported and configured 1 project(s) in 0 sec
2023-09-11 08:18:07,506 [Worker-36: Building] WARN  o.e.m.c.i.embedder.EclipseLogger - Using platform encoding (UTF-8 actually) to copy filtered resources, i.e. build is platform dependent!
2023-09-11 08:18:07,509 [Worker-36: Building] INFO  o.e.m.c.i.embedder.EclipseLogger - Copying 1 resource
2023-09-11 08:18:07,513 [Worker-36: Building] WARN  o.e.m.c.i.embedder.EclipseLogger - Using platform encoding (UTF-8 actually) to copy filtered resources, i.e. build is platform dependent!
2023-09-11 08:18:07,513 [Worker-36: Building] INFO  o.e.m.c.i.embedder.EclipseLogger - skip non existing resourceDirectory /home/raj/Documents/code_samurai_workshop_java/code/oops_solid/A_S_Solid-prob/src/test/resources
2023-09-11 08:18:19,747 [Worker-23: Importing Maven projects] INFO  o.e.m.c.i.l.LifecycleMappingFactory - Using org.eclipse.m2e.jdt.JarLifecycleMapping lifecycle mapping for MavenProject: com.demo:A_S_Solid:0.0.1-SNAPSHOT @ /home/raj/Documents/code_samurai_workshop_java/code/oops_solid/B_O_Solid/pom.xml.
2023-09-11 08:18:19,757 [Worker-23: Importing Maven projects] INFO  o.e.m.j.i.AbstractJavaProjectConfigurator - Adding source folder /B_O_Solid/src/main/java
2023-09-11 08:18:19,757 [Worker-23: Importing Maven projects] INFO  o.e.m.j.i.AbstractJavaProjectConfigurator - Adding source folder /B_O_Solid/src/test/java
2023-09-11 08:18:19,773 [Worker-23: Importing Maven projects] INFO  o.e.m.c.i.p.ProjectConfigurationManager - Imported and configured 1 project(s) in 0 sec
2023-09-11 08:18:19,975 [Worker-5: Building] WARN  o.e.m.c.i.embedder.EclipseLogger - Using platform encoding (UTF-8 actually) to copy filtered resources, i.e. build is platform dependent!
2023-09-11 08:18:19,975 [Worker-5: Building] INFO  o.e.m.c.i.embedder.EclipseLogger - skip non existing resourceDirectory /home/raj/Documents/code_samurai_workshop_java/code/oops_solid/B_O_Solid/src/main/resources
2023-09-11 08:18:19,976 [Worker-5: Building] WARN  o.e.m.c.i.embedder.EclipseLogger - Using platform encoding (UTF-8 actually) to copy filtered resources, i.e. build is platform dependent!
2023-09-11 08:18:19,976 [Worker-5: Building] INFO  o.e.m.c.i.embedder.EclipseLogger - skip non existing resourceDirectory /home/raj/Documents/code_samurai_workshop_java/code/oops_solid/B_O_Solid/src/test/resources
2023-09-11 08:18:32,186 [Worker-33: Importing Maven projects] INFO  o.e.m.c.i.l.LifecycleMappingFactory - Using org.eclipse.m2e.jdt.JarLifecycleMapping lifecycle mapping for MavenProject: com.demo:A_S_Solid:0.0.1-SNAPSHOT @ /home/raj/Documents/code_samurai_workshop_java/code/oops_solid/C_L_Solid/pom.xml.
2023-09-11 08:18:32,191 [Worker-33: Importing Maven projects] INFO  o.e.m.j.i.AbstractJavaProjectConfigurator - Adding source folder /C_L_Solid/src/main/java
2023-09-11 08:18:32,191 [Worker-33: Importing Maven projects] INFO  o.e.m.j.i.AbstractJavaProjectConfigurator - Adding source folder /C_L_Solid/src/test/java
2023-09-11 08:18:32,194 [Worker-33: Importing Maven projects] INFO  o.e.m.c.i.p.ProjectConfigurationManager - Imported and configured 1 project(s) in 0 sec
2023-09-11 08:18:32,398 [Worker-6: Building] WARN  o.e.m.c.i.embedder.EclipseLogger - Using platform encoding (UTF-8 actually) to copy filtered resources, i.e. build is platform dependent!
2023-09-11 08:18:32,399 [Worker-6: Building] INFO  o.e.m.c.i.embedder.EclipseLogger - skip non existing resourceDirectory /home/raj/Documents/code_samurai_workshop_java/code/oops_solid/C_L_Solid/src/main/resources
2023-09-11 08:18:32,400 [Worker-6: Building] WARN  o.e.m.c.i.embedder.EclipseLogger - Using platform encoding (UTF-8 actually) to copy filtered resources, i.e. build is platform dependent!
2023-09-11 08:18:32,400 [Worker-6: Building] INFO  o.e.m.c.i.embedder.EclipseLogger - skip non existing resourceDirectory /home/raj/Documents/code_samurai_workshop_java/code/oops_solid/C_L_Solid/src/test/resources
2023-09-11 08:18:46,298 [Worker-1: Importing Maven projects] INFO  o.e.m.c.i.l.LifecycleMappingFactory - Using org.eclipse.m2e.jdt.JarLifecycleMapping lifecycle mapping for MavenProject: com.demo:A_S_Solid:0.0.1-SNAPSHOT @ /home/raj/Documents/code_samurai_workshop_java/code/oops_solid/D_I_Solid/pom.xml.
2023-09-11 08:18:46,311 [Worker-1: Importing Maven projects] INFO  o.e.m.j.i.AbstractJavaProjectConfigurator - Adding source folder /D_I_Solid/src/main/java
2023-09-11 08:18:46,312 [Worker-1: Importing Maven projects] INFO  o.e.m.j.i.AbstractJavaProjectConfigurator - Adding source folder /D_I_Solid/src/test/java
2023-09-11 08:18:46,317 [Worker-1: Importing Maven projects] INFO  o.e.m.c.i.p.ProjectConfigurationManager - Imported and configured 1 project(s) in 0 sec
2023-09-11 08:18:46,520 [Worker-10: Building] WARN  o.e.m.c.i.embedder.EclipseLogger - Using platform encoding (UTF-8 actually) to copy filtered resources, i.e. build is platform dependent!
2023-09-11 08:18:46,520 [Worker-10: Building] INFO  o.e.m.c.i.embedder.EclipseLogger - skip non existing resourceDirectory /home/raj/Documents/code_samurai_workshop_java/code/oops_solid/D_I_Solid/src/main/resources
2023-09-11 08:18:46,521 [Worker-10: Building] WARN  o.e.m.c.i.embedder.EclipseLogger - Using platform encoding (UTF-8 actually) to copy filtered resources, i.e. build is platform dependent!
2023-09-11 08:18:46,522 [Worker-10: Building] INFO  o.e.m.c.i.embedder.EclipseLogger - skip non existing resourceDirectory /home/raj/Documents/code_samurai_workshop_java/code/oops_solid/D_I_Solid/src/test/resources
2023-09-11 08:19:15,806 [Worker-3: Importing Maven projects] ERROR o.e.m.c.i.p.ProjectConfigurationManager - Project D_I_Solid already exists
2023-09-11 08:19:15,807 [Worker-3: Importing Maven projects] INFO  o.e.m.c.i.p.ProjectConfigurationManager - Imported and configured 1 project(s) in 0 sec
